[debug] [2025-11-02T21:04:35.203Z] ----------------------------------------------------------------------
[debug] [2025-11-02T21:04:35.204Z] Command:       C:\Program Files\nodejs\node.exe C:\Users\Amer\AppData\Roaming\npm\node_modules\firebase-tools\lib\bin\firebase.js deploy --non-interactive
[debug] [2025-11-02T21:04:35.205Z] CLI Version:   14.23.0
[debug] [2025-11-02T21:04:35.205Z] Platform:      win32
[debug] [2025-11-02T21:04:35.205Z] Node Version:  v22.14.0
[debug] [2025-11-02T21:04:35.205Z] Time:          Sun Nov 02 2025 15:04:35 GMT-0600 (Central Standard Time)
[debug] [2025-11-02T21:04:35.205Z] ----------------------------------------------------------------------
[debug] 
[debug] [2025-11-02T21:04:35.310Z] > command requires scopes: ["email","openid","https://www.googleapis.com/auth/cloudplatformprojects.readonly","https://www.googleapis.com/auth/firebase","https://www.googleapis.com/auth/cloud-platform"]
[debug] [2025-11-02T21:04:35.311Z] > authorizing via signed-in user (amerkovacevic99@gmail.com)
[debug] [2025-11-02T21:04:35.311Z] [iam] checking project soccer-amer for permissions ["datastore.indexes.create","datastore.indexes.delete","datastore.indexes.list","datastore.indexes.update","firebase.projects.get","firebasehosting.sites.update"]
[debug] [2025-11-02T21:04:35.311Z] Checked if tokens are valid: true, expires at: 1762120498393
[debug] [2025-11-02T21:04:35.311Z] Checked if tokens are valid: true, expires at: 1762120498393
[debug] [2025-11-02T21:04:35.312Z] >>> [apiv2][query] POST https://cloudresourcemanager.googleapis.com/v1/projects/soccer-amer:testIamPermissions [none]
[debug] [2025-11-02T21:04:35.312Z] >>> [apiv2][(partial)header] POST https://cloudresourcemanager.googleapis.com/v1/projects/soccer-amer:testIamPermissions x-goog-quota-user=projects/soccer-amer
[debug] [2025-11-02T21:04:35.312Z] >>> [apiv2][body] POST https://cloudresourcemanager.googleapis.com/v1/projects/soccer-amer:testIamPermissions {"permissions":["datastore.indexes.create","datastore.indexes.delete","datastore.indexes.list","datastore.indexes.update","firebase.projects.get","firebasehosting.sites.update"]}
[debug] [2025-11-02T21:04:35.603Z] <<< [apiv2][status] POST https://cloudresourcemanager.googleapis.com/v1/projects/soccer-amer:testIamPermissions 200
[debug] [2025-11-02T21:04:35.604Z] <<< [apiv2][body] POST https://cloudresourcemanager.googleapis.com/v1/projects/soccer-amer:testIamPermissions {"permissions":["datastore.indexes.create","datastore.indexes.delete","datastore.indexes.list","datastore.indexes.update","firebase.projects.get","firebasehosting.sites.update"]}
[debug] [2025-11-02T21:04:35.604Z] Checked if tokens are valid: true, expires at: 1762120498393
[debug] [2025-11-02T21:04:35.604Z] Checked if tokens are valid: true, expires at: 1762120498393
[debug] [2025-11-02T21:04:35.604Z] >>> [apiv2][query] GET https://firebase.googleapis.com/v1beta1/projects/soccer-amer [none]
[debug] [2025-11-02T21:04:35.894Z] <<< [apiv2][status] GET https://firebase.googleapis.com/v1beta1/projects/soccer-amer 200
[debug] [2025-11-02T21:04:35.894Z] <<< [apiv2][body] GET https://firebase.googleapis.com/v1beta1/projects/soccer-amer {"projectId":"soccer-amer","projectNumber":"567942395259","displayName":"soccer-amer","name":"projects/soccer-amer","resources":{"hostingSite":"soccer-amer"},"state":"ACTIVE","etag":"1_7f8719ce-2568-4dc4-815f-3137fc740967"}
[info] 
[info] === Deploying to 'soccer-amer'...
[info] 
[info] i  deploying firestore, hosting 
[info] i  firestore: ensuring required API firestore.googleapis.com is enabled... 
[info] i  firestore: ensuring required API firestore.googleapis.com is enabled... 
[debug] [2025-11-02T21:04:35.896Z] Checked if tokens are valid: true, expires at: 1762120498393
[debug] [2025-11-02T21:04:35.896Z] Checked if tokens are valid: true, expires at: 1762120498393
[debug] [2025-11-02T21:04:35.896Z] >>> [apiv2][query] GET https://firestore.googleapis.com/v1/projects/soccer-amer/databases/(default) [none]
[debug] [2025-11-02T21:04:36.145Z] <<< [apiv2][status] GET https://firestore.googleapis.com/v1/projects/soccer-amer/databases/(default) 200
[debug] [2025-11-02T21:04:36.145Z] <<< [apiv2][body] GET https://firestore.googleapis.com/v1/projects/soccer-amer/databases/(default) {"name":"projects/soccer-amer/databases/(default)","uid":"85d02cb9-9a8b-4f65-8b20-e5c4059874ea","createTime":"2025-11-02T05:32:05.385704Z","updateTime":"2025-11-02T05:32:05.385704Z","locationId":"nam5","type":"FIRESTORE_NATIVE","concurrencyMode":"PESSIMISTIC","versionRetentionPeriod":"3600s","earliestVersionTime":"2025-11-02T20:04:36.368274Z","appEngineIntegrationMode":"DISABLED","keyPrefix":"s","pointInTimeRecoveryEnablement":"POINT_IN_TIME_RECOVERY_DISABLED","deleteProtectionState":"DELETE_PROTECTION_DISABLED","databaseEdition":"STANDARD","freeTier":true,"realtimeUpdatesMode":"REALTIME_UPDATES_MODE_ENABLED","etag":"IPX57JGv1JADMJfT3JXl0pAD"}
[info] i  firestore: reading indexes from firestore.indexes.json... 
[info] i  cloud.firestore: checking firestore.rules.pickup-soccer for compilation errors... 
[debug] [2025-11-02T21:04:36.146Z] Checked if tokens are valid: true, expires at: 1762120498393
[debug] [2025-11-02T21:04:36.146Z] Checked if tokens are valid: true, expires at: 1762120498393
[debug] [2025-11-02T21:04:36.146Z] >>> [apiv2][query] POST https://firebaserules.googleapis.com/v1/projects/soccer-amer:test [none]
[debug] [2025-11-02T21:04:36.146Z] >>> [apiv2][body] POST https://firebaserules.googleapis.com/v1/projects/soccer-amer:test [omitted]
[debug] [2025-11-02T21:04:38.107Z] <<< [apiv2][status] POST https://firebaserules.googleapis.com/v1/projects/soccer-amer:test 200
[debug] [2025-11-02T21:04:38.108Z] <<< [apiv2][body] POST https://firebaserules.googleapis.com/v1/projects/soccer-amer:test {}
[info] +  cloud.firestore: rules file firestore.rules.pickup-soccer compiled successfully 
[debug] [2025-11-02T21:04:38.109Z] Checked if tokens are valid: true, expires at: 1762120498393
[debug] [2025-11-02T21:04:38.109Z] Checked if tokens are valid: true, expires at: 1762120498393
[debug] [2025-11-02T21:04:38.109Z] >>> [apiv2][query] POST https://firebasehosting.googleapis.com/v1beta1/projects/-/sites/soccer-amer/versions [none]
[debug] [2025-11-02T21:04:38.109Z] >>> [apiv2][body] POST https://firebasehosting.googleapis.com/v1beta1/projects/-/sites/soccer-amer/versions {"status":"CREATED","labels":{"deployment-tool":"cli-firebase"}}
